<?xml version="1.0" encoding="UTF-8"?>
<!-- Generated by org.testng.reporters.JUnitReportReporter -->
<testsuite hostname="DESKTOP-NIEC8VU" failures="0" tests="1" name="org.pageexec.HomePageExec" time="12.474" errors="0" timestamp="2023-05-05T14:30:49 IST" skipped="0">
  <testcase classname="org.pageexec.HomePageExec" name="search" time="12.474"/>
  <system-out/>
</testsuite> <!-- org.pageexec.HomePageExec -->
